2024-03-02 12:44:21,765 [INFO] Activator:176 - 


2024-03-02 12:44:21,768 [INFO] Activator:177 - !SESSION log4j initialized
2024-03-02 12:44:25,351 [INFO] LogOutputStream:77 - [STDOUT_REDIRECT] 
2024-03-02 12:44:30,735 [INFO] ApplicationProperties:184 - Using Application install path: C:\ST\STM32CubeIDE_1.13.2\STM32CubeIDE\plugins\com.st.stm32cube.common.mx_6.9.2.202309101412
2024-03-02 12:44:30,762 [INFO] DbMcusXml:78 - Set database path to: C:\ST\STM32CubeIDE_1.13.2\STM32CubeIDE\plugins\com.st.stm32cube.common.mx_6.9.2.202309101412\\db\/mcu/
2024-03-02 12:44:30,763 [INFO] ApiDb:274 - Set plugin database path to: C:\ST\STM32CubeIDE_1.13.2\STM32CubeIDE\plugins\com.st.stm32cube.common.mx_6.9.2.202309101412\\db\/plugins/boardmanager/
2024-03-02 12:44:30,763 [WARN] ApiDb:259 - Overriding images path with different value:  => C:\ST\STM32CubeIDE_1.13.2\STM32CubeIDE\plugins\com.st.stm32cube.common.mx_6.9.2.202309101412\\db\/plugins/mcufinder/images/
2024-03-02 12:44:30,783 [INFO] ApiDb:250 - Set database path to: C:\Users\nickr\.stmcufinder\plugins\mcufinder//mcu/
2024-03-02 12:44:30,785 [INFO] DbMcusAds:125 - Set database path to: C:\Users\nickr\.stmcufinder\plugins\mcufinder//mcu/
2024-03-02 12:44:30,789 [INFO] CrossReferenceDbSqlite:203 - Set database path to: C:\Users\nickr\.stmcufinder\plugins\mcufinder//mcu/cs/
2024-03-02 12:44:30,965 [INFO] RulesReader:64 - Compatibility file has been processed (293 Rules)
2024-03-02 12:44:31,088 [INFO] DbMcusXml:78 - Set database path to: C:\ST\STM32CubeIDE_1.13.2\STM32CubeIDE\plugins\com.st.stm32cube.common.mx_6.9.2.202309101412\\db\/mcu/
2024-03-02 12:44:31,088 [INFO] ApiDb:274 - Set plugin database path to: C:\ST\STM32CubeIDE_1.13.2\STM32CubeIDE\plugins\com.st.stm32cube.common.mx_6.9.2.202309101412\\db\/plugins/boardmanager/
2024-03-02 12:44:31,089 [INFO] ApiDb:261 - Set plugin images path to: C:\ST\STM32CubeIDE_1.13.2\STM32CubeIDE\plugins\com.st.stm32cube.common.mx_6.9.2.202309101412\\db\/plugins/mcufinder/images/
2024-03-02 12:44:31,090 [WARN] DbFile:41 - Overriding database path with different value: C:\Users\nickr\.stmcufinder\plugins\mcufinder/ => C:\Users\nickr\.stmcufinder\plugins\mcufinder
2024-03-02 12:44:31,090 [INFO] ApiDb:250 - Set database path to: C:\Users\nickr\.stmcufinder\plugins\mcufinder//mcu/
2024-03-02 12:44:31,090 [WARN] DbFile:41 - Overriding database path with different value: C:\Users\nickr\.stmcufinder\plugins\mcufinder/ => C:\Users\nickr\.stmcufinder\plugins\mcufinder
2024-03-02 12:44:31,091 [INFO] DbMcusAds:125 - Set database path to: C:\Users\nickr\.stmcufinder\plugins\mcufinder//mcu/
2024-03-02 12:44:31,091 [WARN] DbFile:41 - Overriding database path with different value: C:\Users\nickr\.stmcufinder\plugins\mcufinder/ => C:\Users\nickr\.stmcufinder\plugins\mcufinder
2024-03-02 12:44:31,091 [WARN] DbFile:41 - Overriding database path with different value: C:\Users\nickr\.stmcufinder\plugins\mcufinder/ => C:\Users\nickr\.stmcufinder\plugins\mcufinder
2024-03-02 12:44:31,091 [INFO] CrossReferenceDbSqlite:203 - Set database path to: C:\Users\nickr\.stmcufinder\plugins\mcufinder//mcu/cs/
2024-03-02 12:44:31,194 [INFO] MainPanel:262 - HeapMemory: 268435456
2024-03-02 12:44:31,315 [INFO] DbMcusXml:78 - Set database path to: C:\ST\STM32CubeIDE_1.13.2\STM32CubeIDE\plugins\com.st.stm32cube.common.mx_6.9.2.202309101412\\db\/mcu/
2024-03-02 12:44:31,316 [INFO] ApiDb:274 - Set plugin database path to: C:\ST\STM32CubeIDE_1.13.2\STM32CubeIDE\plugins\com.st.stm32cube.common.mx_6.9.2.202309101412\\db\/plugins/boardmanager/
2024-03-02 12:44:31,316 [INFO] ApiDb:261 - Set plugin images path to: C:\ST\STM32CubeIDE_1.13.2\STM32CubeIDE\plugins\com.st.stm32cube.common.mx_6.9.2.202309101412\\db\/plugins/mcufinder/images/
2024-03-02 12:44:31,317 [WARN] DbFile:41 - Overriding database path with different value: C:\Users\nickr\.stmcufinder\plugins\mcufinder/ => C:\Users\nickr\.stmcufinder\plugins\mcufinder
2024-03-02 12:44:31,318 [INFO] ApiDb:250 - Set database path to: C:\Users\nickr\.stmcufinder\plugins\mcufinder//mcu/
2024-03-02 12:44:31,318 [WARN] DbFile:41 - Overriding database path with different value: C:\Users\nickr\.stmcufinder\plugins\mcufinder/ => C:\Users\nickr\.stmcufinder\plugins\mcufinder
2024-03-02 12:44:31,318 [INFO] DbMcusAds:125 - Set database path to: C:\Users\nickr\.stmcufinder\plugins\mcufinder//mcu/
2024-03-02 12:44:31,319 [WARN] DbFile:41 - Overriding database path with different value: C:\Users\nickr\.stmcufinder\plugins\mcufinder/ => C:\Users\nickr\.stmcufinder\plugins\mcufinder
2024-03-02 12:44:31,319 [WARN] DbFile:41 - Overriding database path with different value: C:\Users\nickr\.stmcufinder\plugins\mcufinder/ => C:\Users\nickr\.stmcufinder\plugins\mcufinder
2024-03-02 12:44:31,319 [INFO] CrossReferenceDbSqlite:203 - Set database path to: C:\Users\nickr\.stmcufinder\plugins\mcufinder//mcu/cs/
2024-03-02 12:44:31,365 [INFO] ApplicationProperties:184 - Using Application install path: C:\ST\STM32CubeIDE_1.13.2\STM32CubeIDE\plugins\com.st.stm32cube.common.mx_6.9.2.202309101412
2024-03-02 12:44:31,369 [INFO] PluginManage:196 - Search for loadable plugins [exclusion list=, ]
2024-03-02 12:44:31,372 [INFO] PluginManage:310 - Check plugin analytics
2024-03-02 12:44:36,363 [INFO] AnalyticsPlugin:253 - Accepted Software Licenses: 
2024-03-02 12:44:36,364 [INFO] AnalyticsPlugin:255 - Accepted CMSIS Pack Licenses: 
2024-03-02 12:44:36,365 [INFO] AnalyticsPlugin:257 - Accepted Firmware Licenses: FW.F7.1.17.0
2024-03-02 12:44:36,373 [INFO] PluginManage:359 - Loaded plugin analytics (category:tool,tabindex:-1)
2024-03-02 12:44:36,374 [INFO] PluginManage:310 - Check plugin cadmodel
2024-03-02 12:44:36,384 [INFO] CADModel:105 - Init CAD model plugin
2024-03-02 12:44:36,385 [INFO] PluginManage:359 - Loaded plugin cadmodel (category:power,tabindex:5)
2024-03-02 12:44:36,385 [INFO] PluginManage:310 - Check plugin clock
2024-03-02 12:44:36,407 [INFO] PluginManage:359 - Loaded plugin clock (category:base,tabindex:2)
2024-03-02 12:44:36,408 [INFO] PluginManage:310 - Check plugin ddr
2024-03-02 12:44:36,413 [INFO] PluginManage:359 - Loaded plugin ddr (category:tool,tabindex:6)
2024-03-02 12:44:36,414 [INFO] PluginManage:310 - Check plugin filemanager
2024-03-02 12:44:36,677 [INFO] PluginManage:359 - Loaded plugin filemanager (category:base,tabindex:10)
2024-03-02 12:44:36,678 [INFO] PluginManage:310 - Check plugin ipmanager
2024-03-02 12:44:36,690 [INFO] PluginManage:359 - Loaded plugin ipmanager (category:base,tabindex:5)
2024-03-02 12:44:36,691 [INFO] PluginManage:310 - Check plugin lpbam
2024-03-02 12:44:36,703 [INFO] PluginManage:359 - Loaded plugin lpbam (category:base,tabindex:0)
2024-03-02 12:44:36,703 [INFO] PluginManage:310 - Check plugin memorymap
2024-03-02 12:44:36,720 [INFO] PluginManage:359 - Loaded plugin memorymap (category:base,tabindex:4)
2024-03-02 12:44:36,720 [INFO] PluginManage:310 - Check plugin pinoutandconfiguration
2024-03-02 12:44:36,731 [INFO] PluginManage:359 - Loaded plugin pinoutandconfiguration (category:base,tabindex:1)
2024-03-02 12:44:36,731 [INFO] PluginManage:310 - Check plugin pinoutconfig
2024-03-02 12:44:36,858 [WARN] SupportedApi:132 - Cannot load RTOS API schema: s4s-elt-must-match.1: The content of 'definitions' must match (annotation?, (simpleType | complexType)?, (unique | key | keyref)*)). A problem was found starting at: attribute.
2024-03-02 12:44:37,067 [INFO] PluginManage:359 - Loaded plugin pinoutconfig (category:base,tabindex:0)
2024-03-02 12:44:37,068 [INFO] PluginManage:310 - Check plugin power
2024-03-02 12:44:37,084 [INFO] PluginManage:359 - Loaded plugin power (category:power,tabindex:4)
2024-03-02 12:44:37,085 [INFO] PluginManage:310 - Check plugin projectmanager
2024-03-02 12:44:37,110 [INFO] PluginManage:359 - Loaded plugin projectmanager (category:projectmanager,tabindex:3)
2024-03-02 12:44:37,110 [INFO] PluginManage:310 - Check plugin thirdparty
2024-03-02 12:44:37,287 [INFO] PluginManage:359 - Loaded plugin thirdparty (category:base,tabindex:-1)
2024-03-02 12:44:37,287 [INFO] PluginManage:310 - Check plugin tools
2024-03-02 12:44:37,287 [WARN] IntegrityCheckThread:84 - waiting for thirdparty lock release [integrity check]
2024-03-02 12:44:37,288 [INFO] IntegrityCheckThread:86 - entering critical section [integrity check]
2024-03-02 12:44:37,288 [INFO] ThirdPartyUpdaterWithRetryManager:70 - Updater plugin not ready yet. [1/15]
2024-03-02 12:44:37,292 [INFO] PluginManage:359 - Loaded plugin tools (category:base,tabindex:7)
2024-03-02 12:44:37,293 [INFO] PluginManage:310 - Check plugin tutovideos
2024-03-02 12:44:37,548 [INFO] PluginManage:359 - Loaded plugin tutovideos (category:base,tabindex:-1)
2024-03-02 12:44:37,548 [INFO] PluginManage:310 - Check plugin updater
2024-03-02 12:44:37,566 [INFO] PluginManage:359 - Loaded plugin updater (category:base,tabindex:12)
2024-03-02 12:44:37,566 [INFO] PluginManage:310 - Check plugin userauth
2024-03-02 12:44:37,573 [INFO] UserAuth:113 - Init User Auth plugin
2024-03-02 12:44:37,574 [INFO] PluginManage:359 - Loaded plugin userauth (category:base,tabindex:14)
2024-03-02 12:44:37,574 [INFO] PluginManage:283 - PluginManage : Loaded plugins [17]
2024-03-02 12:44:37,923 [INFO] PinOutPanel:1499 - setPackage(No Configuration,No Configuration)
2024-03-02 12:44:38,111 [INFO] CADModel:165 - CPN selected for project level
2024-03-02 12:44:38,111 [INFO] CADModel:114 - Register for checkConnection events
2024-03-02 12:44:38,135 [INFO] IPUIPlugin:80 - create IPUIPlugin
2024-03-02 12:44:38,135 [INFO] PluginManager:220 - loadIPPluginJar : add adc
2024-03-02 12:44:38,139 [INFO] IPUIPlugin:80 - create IPUIPlugin
2024-03-02 12:44:38,139 [INFO] PluginManager:220 - loadIPPluginJar : add aes
2024-03-02 12:44:38,143 [INFO] IPUIPlugin:80 - create IPUIPlugin
2024-03-02 12:44:38,143 [INFO] PluginManager:220 - loadIPPluginJar : add can
2024-03-02 12:44:38,146 [INFO] IPUIPlugin:80 - create IPUIPlugin
2024-03-02 12:44:38,147 [INFO] PluginManager:220 - loadIPPluginJar : add comp
2024-03-02 12:44:38,150 [INFO] IPUIPlugin:80 - create IPUIPlugin
2024-03-02 12:44:38,151 [INFO] PluginManager:220 - loadIPPluginJar : add cryp
2024-03-02 12:44:38,154 [INFO] IPUIPlugin:80 - create IPUIPlugin
2024-03-02 12:44:38,154 [INFO] PluginManager:220 - loadIPPluginJar : add dfsdm
2024-03-02 12:44:38,162 [INFO] IPUIPlugin:80 - create IPUIPlugin
2024-03-02 12:44:38,163 [INFO] PluginManager:220 - loadIPPluginJar : add dma
2024-03-02 12:44:38,166 [INFO] IPUIPlugin:80 - create IPUIPlugin
2024-03-02 12:44:38,167 [INFO] PluginManager:220 - loadIPPluginJar : add dma3
2024-03-02 12:44:38,169 [INFO] IPUIPlugin:80 - create IPUIPlugin
2024-03-02 12:44:38,169 [INFO] PluginManager:220 - loadIPPluginJar : add fatfs
2024-03-02 12:44:38,175 [INFO] IPUIPlugin:80 - create IPUIPlugin
2024-03-02 12:44:38,175 [INFO] PluginManager:220 - loadIPPluginJar : add fmc
2024-03-02 12:44:38,182 [INFO] IPUIPlugin:80 - create IPUIPlugin
2024-03-02 12:44:38,182 [INFO] PluginManager:220 - loadIPPluginJar : add freertos
2024-03-02 12:44:38,184 [INFO] IPUIPlugin:80 - create IPUIPlugin
2024-03-02 12:44:38,185 [INFO] PluginManager:220 - loadIPPluginJar : add genericplugin
2024-03-02 12:44:38,188 [INFO] IPUIPlugin:80 - create IPUIPlugin
2024-03-02 12:44:38,188 [INFO] PluginManager:220 - loadIPPluginJar : add gfxmmu
2024-03-02 12:44:38,194 [INFO] IPUIPlugin:80 - create IPUIPlugin
2024-03-02 12:44:38,195 [INFO] PluginManager:220 - loadIPPluginJar : add gic
2024-03-02 12:44:38,201 [INFO] IPUIPlugin:80 - create IPUIPlugin
2024-03-02 12:44:38,201 [INFO] PluginManager:220 - loadIPPluginJar : add gpio
2024-03-02 12:44:38,205 [INFO] IPUIPlugin:80 - create IPUIPlugin
2024-03-02 12:44:38,205 [INFO] PluginManager:220 - loadIPPluginJar : add gtzc
2024-03-02 12:44:38,209 [INFO] IPUIPlugin:80 - create IPUIPlugin
2024-03-02 12:44:38,209 [INFO] PluginManager:220 - loadIPPluginJar : add hash
2024-03-02 12:44:38,213 [INFO] IPUIPlugin:80 - create IPUIPlugin
2024-03-02 12:44:38,214 [INFO] PluginManager:220 - loadIPPluginJar : add i2c
2024-03-02 12:44:38,218 [INFO] IPUIPlugin:80 - create IPUIPlugin
2024-03-02 12:44:38,218 [INFO] PluginManager:220 - loadIPPluginJar : add i2s
2024-03-02 12:44:38,222 [INFO] IPUIPlugin:80 - create IPUIPlugin
2024-03-02 12:44:38,222 [INFO] PluginManager:220 - loadIPPluginJar : add i3c
2024-03-02 12:44:38,226 [INFO] IPUIPlugin:80 - create IPUIPlugin
2024-03-02 12:44:38,226 [INFO] PluginManager:220 - loadIPPluginJar : add ipddr
2024-03-02 12:44:38,235 [INFO] IPUIPlugin:80 - create IPUIPlugin
2024-03-02 12:44:38,236 [INFO] PluginManager:220 - loadIPPluginJar : add linkedlist
2024-03-02 12:44:38,240 [INFO] IPUIPlugin:80 - create IPUIPlugin
2024-03-02 12:44:38,240 [INFO] PluginManager:220 - loadIPPluginJar : add lorawan
2024-03-02 12:44:38,242 [INFO] IPUIPlugin:80 - create IPUIPlugin
2024-03-02 12:44:38,243 [INFO] PluginManager:220 - loadIPPluginJar : add ltdc
2024-03-02 12:44:38,250 [INFO] IPUIPlugin:80 - create IPUIPlugin
2024-03-02 12:44:38,250 [INFO] PluginManager:220 - loadIPPluginJar : add mdma
2024-03-02 12:44:38,255 [INFO] IPUIPlugin:80 - create IPUIPlugin
2024-03-02 12:44:38,255 [INFO] PluginManager:220 - loadIPPluginJar : add nvic
2024-03-02 12:44:38,260 [INFO] IPUIPlugin:80 - create IPUIPlugin
2024-03-02 12:44:38,260 [INFO] PluginManager:220 - loadIPPluginJar : add opamp
2024-03-02 12:44:38,264 [INFO] IPUIPlugin:80 - create IPUIPlugin
2024-03-02 12:44:38,265 [INFO] PluginManager:220 - loadIPPluginJar : add openamp
2024-03-02 12:44:38,269 [INFO] IPUIPlugin:80 - create IPUIPlugin
2024-03-02 12:44:38,270 [INFO] PluginManager:220 - loadIPPluginJar : add pdm2pcm
2024-03-02 12:44:38,279 [INFO] IPUIPlugin:80 - create IPUIPlugin
2024-03-02 12:44:38,283 [INFO] PluginManager:220 - loadIPPluginJar : add plateformsettings
2024-03-02 12:44:38,286 [INFO] IPUIPlugin:80 - create IPUIPlugin
2024-03-02 12:44:38,286 [INFO] PluginManager:220 - loadIPPluginJar : add quadspi
2024-03-02 12:44:38,291 [INFO] IPUIPlugin:80 - create IPUIPlugin
2024-03-02 12:44:38,292 [INFO] PluginManager:220 - loadIPPluginJar : add resmgrutility
2024-03-02 12:44:38,296 [INFO] IPUIPlugin:80 - create IPUIPlugin
2024-03-02 12:44:38,297 [INFO] PluginManager:220 - loadIPPluginJar : add sai
2024-03-02 12:44:38,301 [INFO] IPUIPlugin:80 - create IPUIPlugin
2024-03-02 12:44:38,301 [INFO] PluginManager:220 - loadIPPluginJar : add spi
2024-03-02 12:44:38,308 [INFO] IPUIPlugin:80 - create IPUIPlugin
2024-03-02 12:44:38,309 [INFO] PluginManager:220 - loadIPPluginJar : add stm32_wpan
2024-03-02 12:44:38,312 [INFO] IPUIPlugin:80 - create IPUIPlugin
2024-03-02 12:44:38,312 [INFO] PluginManager:220 - loadIPPluginJar : add tim
2024-03-02 12:44:38,318 [INFO] IPUIPlugin:80 - create IPUIPlugin
2024-03-02 12:44:38,318 [INFO] PluginManager:220 - loadIPPluginJar : add touchsensing
2024-03-02 12:44:38,321 [INFO] IPUIPlugin:80 - create IPUIPlugin
2024-03-02 12:44:38,321 [INFO] PluginManager:220 - loadIPPluginJar : add tracer_emb
2024-03-02 12:44:38,324 [INFO] IPUIPlugin:80 - create IPUIPlugin
2024-03-02 12:44:38,325 [INFO] PluginManager:220 - loadIPPluginJar : add ts
2024-03-02 12:44:38,327 [INFO] IPUIPlugin:80 - create IPUIPlugin
2024-03-02 12:44:38,327 [INFO] PluginManager:220 - loadIPPluginJar : add tsc
2024-03-02 12:44:38,330 [INFO] IPUIPlugin:80 - create IPUIPlugin
2024-03-02 12:44:38,331 [INFO] PluginManager:220 - loadIPPluginJar : add ucpd
2024-03-02 12:44:38,336 [INFO] IPUIPlugin:80 - create IPUIPlugin
2024-03-02 12:44:38,336 [INFO] PluginManager:220 - loadIPPluginJar : add usart
2024-03-02 12:44:38,341 [INFO] IPUIPlugin:80 - create IPUIPlugin
2024-03-02 12:44:38,341 [INFO] PluginManager:220 - loadIPPluginJar : add usbx
2024-03-02 12:44:38,530 [INFO] CADModel:165 - CPN selected for project level
2024-03-02 12:44:38,530 [INFO] CADModel:114 - Register for checkConnection events
2024-03-02 12:44:38,530 [FATAL] Updater:308 - Updater called before beeing initialized
2024-03-02 12:44:38,531 [ERROR] CADModel:125 - Updater not yet initialized, retry later 
2024-03-02 12:44:38,859 [INFO] CADModel:165 - CPN selected for project level
2024-03-02 12:44:38,860 [INFO] CADModel:114 - Register for checkConnection events
2024-03-02 12:44:38,860 [FATAL] Updater:308 - Updater called before beeing initialized
2024-03-02 12:44:38,860 [ERROR] CADModel:125 - Updater not yet initialized, retry later 
2024-03-02 12:44:38,866 [FATAL] Updater:308 - Updater called before beeing initialized
2024-03-02 12:44:39,034 [FATAL] Updater:308 - Updater called before beeing initialized
2024-03-02 12:44:39,041 [INFO] DbMcusAds:53 - JSON generation date=Wed Nov 29 02:52:38 PST 2023 (1701255158764)
2024-03-02 12:44:39,041 [FATAL] Updater:308 - Updater called before beeing initialized
2024-03-02 12:44:39,106 [WARN] DetailPanel:346 - Failed to get advertising image, set to default
2024-03-02 12:44:39,331 [FATAL] Updater:308 - Updater called before beeing initialized
2024-03-02 12:44:39,334 [FATAL] Updater:308 - Updater called before beeing initialized
2024-03-02 12:44:39,334 [FATAL] Updater:308 - Updater called before beeing initialized
2024-03-02 12:44:39,335 [WARN] DetailPanel:346 - Failed to get advertising image, set to default
2024-03-02 12:44:39,338 [FATAL] Updater:308 - Updater called before beeing initialized
2024-03-02 12:44:39,463 [ERROR] Updater:1120 - MainUpdater not yet initialized. External WinMGr cannot be set.
2024-03-02 12:44:39,466 [INFO] Updater:1056 - Updater Version found : 6.9.2
2024-03-02 12:44:39,491 [INFO] ApplicationProperties:184 - Using Application install path: C:\ST\STM32CubeIDE_1.13.2\STM32CubeIDE\plugins\com.st.stm32cube.common.mx_6.9.2.202309101412
2024-03-02 12:44:39,652 [INFO] MainUpdater:2868 - connection check result : 10
2024-03-02 12:44:39,653 [INFO] MainUpdater:285 - Updater Check For Update Now.
2024-03-02 12:44:39,654 [INFO] MicroXplorer:498 - Change Database Version : DB.6.0.92
2024-03-02 12:44:39,662 [INFO] McuFinderGlobals:63 - Set McuFinder mode to 2 (CubeIDE integrated)
2024-03-02 12:44:39,662 [INFO] McuFinderGlobals:63 - Set McuFinder mode to 2 (CubeIDE integrated)
2024-03-02 12:44:39,722 [ERROR] FilesUtils:157 - C:\Users\nickr\.stmcube\.STM32CUBEMX_PLUGIN6.9.2Repository.ser
2024-03-02 12:44:39,891 [INFO] CheckServerUpdateThread:120 - End of CheckServer Thread
2024-03-02 12:44:40,653 [WARN] PackLoader:240 - Cannot read IP mode file for STMicroelectronics.X-CUBE-SMBUS.2.1.0
2024-03-02 12:44:40,663 [WARN] PackLoader:240 - Cannot read IP mode file for STMicroelectronics.X-CUBE-TOUCHGFX.4.23.0
2024-03-02 12:44:40,728 [WARN] PackLoader:240 - Cannot read IP mode file for STMicroelectronics.X-CUBE-AZRTOS-F7.1.1.0
2024-03-02 12:44:40,751 [WARN] PackLoader:240 - Cannot read IP mode file for STMicroelectronics.FP-SNS-MOTENV1.4.3.2
2024-03-02 12:44:40,765 [WARN] PackLoader:240 - Cannot read IP mode file for STMicroelectronics.FP-SNS-FLIGHT1.5.0.2
2024-03-02 12:44:40,787 [WARN] PackLoader:240 - Cannot read IP mode file for STMicroelectronics.X-CUBE-DISPLAY.3.0.0
2024-03-02 12:44:40,812 [WARN] PackLoader:240 - Cannot read IP mode file for STMicroelectronics.X-CUBE-BLE1.7.0.0
2024-03-02 12:44:40,827 [WARN] PackLoader:240 - Cannot read IP mode file for emotas.I-CUBE-CANOPEN.1.3.0
2024-03-02 12:44:40,834 [WARN] PackLoader:240 - Cannot read IP mode file for STMicroelectronics.X-CUBE-TOUCHGFX.4.22.1
2024-03-02 12:44:40,844 [WARN] PackLoader:240 - Cannot read IP mode file for STMicroelectronics.FP-SNS-SMARTAG2.1.2.0
2024-03-02 12:44:40,868 [INFO] LogOutputStream:77 - [STDOUT_REDIRECT] 1 : Invalid condition id : UX_CORESTACK_Condition cause : null
2024-03-02 12:44:40,869 [INFO] LogOutputStream:77 - [STDOUT_REDIRECT] 1 : Invalid condition id : UX_CORESTACK_Condition cause : null
2024-03-02 12:44:40,871 [INFO] LogOutputStream:77 - [STDOUT_REDIRECT] 1 : Invalid condition id : UX_CORESTACK_Condition cause : null
2024-03-02 12:44:40,873 [INFO] LogOutputStream:77 - [STDOUT_REDIRECT] 1 : Invalid condition id : UX_CORESTACK_Condition cause : null
2024-03-02 12:44:40,875 [INFO] LogOutputStream:77 - [STDOUT_REDIRECT] 1 : Invalid condition id : UX_CORESTACK_Condition cause : null
2024-03-02 12:44:40,886 [WARN] PackLoader:240 - Cannot read IP mode file for STMicroelectronics.X-CUBE-AZRTOS-WL.2.0.0
2024-03-02 12:44:40,905 [WARN] PackLoader:240 - Cannot read IP mode file for WES.I-CUBE-Cesium.1.3.0
2024-03-02 12:44:40,916 [WARN] PackLoader:240 - Cannot read IP mode file for STMicroelectronics.X-CUBE-BLE2.3.3.0
2024-03-02 12:44:40,932 [WARN] PackLoader:240 - Cannot read IP mode file for STMicroelectronics.X-CUBE-ALGOBUILD.1.3.0
2024-03-02 12:44:40,975 [WARN] PackLoader:240 - Cannot read IP mode file for STMicroelectronics.X-CUBE-AZRTOS-G0.1.1.0
2024-03-02 12:44:40,992 [WARN] PackLoader:240 - Cannot read IP mode file for STMicroelectronics.X-CUBE-NFC4.3.0.0
2024-03-02 12:44:41,016 [WARN] PackLoader:240 - Cannot read IP mode file for STMicroelectronics.X-CUBE-BLEMGR.3.0.0
2024-03-02 12:44:41,045 [WARN] PackLoader:240 - Cannot read IP mode file for STMicroelectronics.FP-ATR-SIGFOX1.3.2.0
2024-03-02 12:44:41,059 [WARN] PackLoader:240 - Cannot read IP mode file for STMicroelectronics.X-CUBE-EEPRMA1.5.1.0
2024-03-02 12:44:41,147 [WARN] PackLoader:240 - Cannot read IP mode file for SEGGER.I-CUBE-embOS.1.3.1
2024-03-02 12:44:41,248 [WARN] PackLoader:240 - Cannot read IP mode file for STMicroelectronics.X-CUBE-GNSS1.6.0.0
2024-03-02 12:44:41,285 [WARN] PackLoader:240 - Cannot read IP mode file for STMicroelectronics.X-CUBE-AZRTOS-F4.1.1.0
2024-03-02 12:44:41,301 [WARN] PackLoader:240 - Cannot read IP mode file for wolfSSL.I-CUBE-wolfSSL.5.6.3
2024-03-02 12:44:41,339 [WARN] PackLoader:240 - Cannot read IP mode file for STMicroelectronics.X-CUBE-AZRTOS-L5.2.0.0
2024-03-02 12:44:41,415 [WARN] PackLoader:240 - Cannot read IP mode file for STMicroelectronics.X-CUBE-MEMS1.9.6.0
2024-03-02 12:44:41,683 [WARN] PackLoader:240 - Cannot read IP mode file for STMicroelectronics.X-CUBE-EEPRMA1.4.2.0
2024-03-02 12:44:41,691 [WARN] PackLoader:240 - Cannot read IP mode file for ITTIA_DB.I-CUBE-ITTIADB.8.8.0
2024-03-02 12:44:41,700 [WARN] PackLoader:240 - Cannot read IP mode file for STMicroelectronics.X-CUBE-BLEMGR.2.0.0
2024-03-02 12:44:41,724 [WARN] ConditionMgr:438 - getConditionDescription Invalid condition id : UX DEVICE CLASS RTOS Condition cause : null
2024-03-02 12:44:41,724 [WARN] ConditionMgr:438 - getConditionDescription Invalid condition id : UX DEVICE CLASS RTOS Condition cause : null
2024-03-02 12:44:41,728 [WARN] PackLoader:240 - Cannot read IP mode file for STMicroelectronics.X-CUBE-AZRTOS-H7.3.1.0
2024-03-02 12:44:41,730 [WARN] ConditionMgr:1039 - genDependencies : Invalid condition id : UX DEVICE CLASS RTOS Condition cause : null
2024-03-02 12:44:41,730 [WARN] ConditionMgr:1039 - genDependencies : Invalid condition id : UX DEVICE CLASS RTOS Condition cause : null
2024-03-02 12:44:41,731 [WARN] ConditionMgr:1039 - genDependencies : Invalid condition id : UX DEVICE CLASS RTOS Condition cause : null
2024-03-02 12:44:41,732 [WARN] ConditionMgr:1039 - genDependencies : Invalid condition id : UX DEVICE CLASS RTOS Condition cause : null
2024-03-02 12:44:41,732 [WARN] ConditionMgr:1039 - genDependencies : Invalid condition id : UX DEVICE CLASS RTOS Condition cause : null
2024-03-02 12:44:41,742 [WARN] PackLoader:240 - Cannot read IP mode file for STMicroelectronics.X-CUBE-NFC7.1.0.1
2024-03-02 12:44:41,753 [WARN] PackLoader:240 - Cannot read IP mode file for STMicroelectronics.X-CUBE-NFC6.3.0.0
2024-03-02 12:44:41,761 [WARN] PackLoader:240 - Cannot read IP mode file for STMicroelectronics.X-CUBE-EEPRMA1.4.1.0
2024-03-02 12:44:41,769 [WARN] PackLoader:240 - Cannot read IP mode file for STMicroelectronics.X-CUBE-AI.8.1.0
2024-03-02 12:44:41,792 [WARN] ConditionMgr:438 - getConditionDescription Invalid condition id : LAN8742 Phy interface Condition cause : null
2024-03-02 12:44:41,794 [WARN] PackLoader:240 - Cannot read IP mode file for STMicroelectronics.X-CUBE-AZRTOS-L4.2.0.0
2024-03-02 12:44:41,796 [WARN] ConditionMgr:1039 - genDependencies : Invalid condition id : LAN8742 Phy interface Condition cause : null
2024-03-02 12:44:41,796 [WARN] ConditionMgr:1039 - genDependencies : Invalid condition id : LAN8742 Phy interface Condition cause : null
2024-03-02 12:44:41,798 [WARN] ConditionMgr:1039 - genDependencies : Invalid condition id : LAN8742 Phy interface Condition cause : null
2024-03-02 12:44:41,809 [WARN] PackLoader:240 - Cannot read IP mode file for STMicroelectronics.X-CUBE-SFXS2LP1.4.0.0
2024-03-02 12:44:41,817 [WARN] PackLoader:240 - Cannot read IP mode file for STMicroelectronics.X-CUBE-ISPU.1.1.0
2024-03-02 12:44:41,835 [WARN] ConditionMgr:438 - getConditionDescription Invalid condition id : UX DEVICE CLASS RTOS Condition cause : null
2024-03-02 12:44:41,836 [WARN] ConditionMgr:438 - getConditionDescription Invalid condition id : UX DEVICE CLASS RTOS Condition cause : null
2024-03-02 12:44:41,840 [WARN] PackLoader:240 - Cannot read IP mode file for STMicroelectronics.X-CUBE-AZRTOS-WB.2.0.0
2024-03-02 12:44:41,842 [WARN] ConditionMgr:1039 - genDependencies : Invalid condition id : UX DEVICE CLASS RTOS Condition cause : null
2024-03-02 12:44:41,842 [WARN] ConditionMgr:1039 - genDependencies : Invalid condition id : UX DEVICE CLASS RTOS Condition cause : null
2024-03-02 12:44:41,843 [WARN] ConditionMgr:1039 - genDependencies : Invalid condition id : UX DEVICE CLASS RTOS Condition cause : null
2024-03-02 12:44:41,843 [WARN] ConditionMgr:1039 - genDependencies : Invalid condition id : UX DEVICE CLASS RTOS Condition cause : null
2024-03-02 12:44:41,843 [WARN] ConditionMgr:1039 - genDependencies : Invalid condition id : UX DEVICE CLASS RTOS Condition cause : null
2024-03-02 12:44:41,859 [WARN] PackLoader:240 - Cannot read IP mode file for STMicroelectronics.X-CUBE-SUBG2.5.0.0
2024-03-02 12:44:41,882 [WARN] PackLoader:240 - Cannot read IP mode file for STMicroelectronics.X-CUBE-TOF1.3.3.1
2024-03-02 12:44:41,913 [WARN] PackLoader:240 - Cannot read IP mode file for STMicroelectronics.X-CUBE-AZRTOS-G4.2.0.0
2024-03-02 12:44:41,931 [WARN] PackLoader:240 - Cannot read IP mode file for Infineon.AIROC-Wi-Fi-Bluetooth-STM32.1.5.1
2024-03-02 12:44:41,940 [WARN] PackLoader:240 - Cannot read IP mode file for STMicroelectronics.FP-SNS-MOTENVWB1.1.3.0
2024-03-02 12:44:41,945 [WARN] PackLoader:240 - Cannot read IP mode file for STMicroelectronics.FP-SNS-MOTENVWB1.1.3.1
2024-03-02 12:44:41,950 [WARN] PackLoader:240 - Cannot read IP mode file for STMicroelectronics.X-CUBE-ISPU.2.0.0
2024-03-02 12:44:42,016 [WARN] PackLoader:240 - Cannot read IP mode file for STMicroelectronics.X-CUBE-MEMS1.10.0.0
2024-03-02 12:44:42,163 [WARN] PackLoader:240 - Cannot read IP mode file for STMicroelectronics.X-CUBE-FREERTOS.1.1.0
2024-03-02 12:44:42,172 [WARN] PackLoader:240 - Cannot read IP mode file for portGmbH.I-Cube-SoM-uGOAL.1.1.0
2024-03-02 12:44:42,178 [WARN] PackLoader:240 - Cannot read IP mode file for STMicroelectronics.X-CUBE-ALS.1.0.1
2024-03-02 12:44:42,185 [WARN] PackLoader:240 - Cannot read IP mode file for STMicroelectronics.FP-ATR-ASTRA1.2.0.0
2024-03-02 12:44:42,197 [WARN] PackLoader:240 - Cannot read IP mode file for STMicroelectronics.X-CUBE-TOF1.3.4.0
2024-03-02 12:44:42,237 [WARN] PackLoader:240 - Cannot read IP mode file for STMicroelectronics.X-CUBE-AZRTOS-H7.3.2.0
2024-03-02 12:44:42,241 [INFO] ThirdParty:978 - Integrity check success = true
2024-03-02 12:44:42,241 [INFO] IntegrityCheckThread:100 - exiting critical section [integrity check]
2024-03-02 12:44:42,241 [INFO] IntegrityCheckThread:103 - End integrity checks thread
2024-03-02 12:45:00,962 [ERROR] LogOutputStream:75 - [STDERR_REDIRECT] SLF4J: Failed to load class "org.slf4j.impl.StaticLoggerBinder".
2024-03-02 12:45:00,963 [ERROR] LogOutputStream:75 - [STDERR_REDIRECT] SLF4J: Defaulting to no-operation (NOP) logger implementation
2024-03-02 12:45:00,966 [ERROR] LogOutputStream:75 - [STDERR_REDIRECT] SLF4J: See http://www.slf4j.org/codes.html#StaticLoggerBinder for further details.
